#
#model:
#
#<?xml version="1.0" encoding="UTF-8" standalone="no"?><input id="posterior" spec="beast.core.util.CompoundDistribution">
#    <distribution id="prior" spec="beast.core.util.CompoundDistribution">
#        <prior id="ucldStdevPrior.c:IE" name="distribution">
#            <parameter id="ucldStdev.c:IE" lower="0.0" name="x" spec="beast.core.parameter.RealParameter">0.1</parameter>
#            <Gamma id="Gamma.0" name="distr">
#                <parameter estimate="false" id="RealParameter.1" name="alpha" spec="beast.core.parameter.RealParameter">0.5396</parameter>
#                <parameter estimate="false" id="RealParameter.2" name="beta" spec="beast.core.parameter.RealParameter">0.3819</parameter>
#            </Gamma>
#        </prior>
#    </distribution>
#    <distribution id="likelihood" spec="beast.core.util.CompoundDistribution" useThreads="true">
#        <distribution id="slocationtreeLikelihood.IE" spec="sphericalGeo.ApproxMultivariateTraitLikelihood">
#            <data id="IE" spec="sphericalGeo.AlignmentFromTraitMap">
#                <traitMap id="traitmap.s:IE" initByMean="true" randomizelower="-90 -180" randomizeupper="90 180" spec="sphericalGeo.TreeTraitMap" traitName="location">
#                    <tree IsLabelledNewick="true" adjustTipHeights="false" estimate="false" id="Tree.t:IE" newick="((((((Albanian_Corinth:0.6835161159900762,Albanian_Sicily:0.6835161157917726):0.2482413600029476,(Albanian_Gheg:0.5259141956460249,Albanian_Tosk:0.5259141955904125):0.4058432807179555):5.345485845174791,((Ancient_Greek:0.6900160837747871,(Greek:0.543517541111215,Greek_Lesbos:0.543517541111215):2.543935295609999):2.2007602325161306,(Armenian:2.253774630169694,Classical_Armenian:0.8114094166937624):3.0344384383161858):0.9890302520405081):0.9576784386320272,((((((((((Assamese:1.1048411433252525,Oriya:1.1048411432390175):0.33221071200734453,Bengali:1.4370518555410827):0.49555099655675594,((Bihari:1.351444576415708,(Hindi:0.8059843404708378,(Lahnda:0.4646383326097414,Urdu:0.4646383326298107):0.3413460078546091):0.5454602367305528):0.3336712460911544,(Gujarati:1.1887077429414639,Marathi:1.1887077429528485):0.496408080778739):0.24748702770704334):0.26524598343658656,(Nepali:1.9613578015191973,Sindhi:1.9613578017424853):0.2364910329569616):0.29069874654505856,Sinhalese:2.4885475815165847):0.29575333170239926,Kashmiri:2.784300912897023):0.8135438727804098,Pali:1.0569886496608092):0.7432319024832577,Vedic_Sanskrit:1.3410766894524073):1.2323970180994364,((Avestan:1.2985090567967887,((Ossetic_Digor:0.2615655508665746,Ossetic_Iron:0.26156555086633126):3.07587770268751,Wakhi:3.3374432560554492):0.4586157032538605):0.040650882288133516,(((((Baluchi:1.5593180251975127,Kurdish:1.5593180254105867):0.475674218355298,(Persian:0.8226701400076184,Tajik:0.8226701400081033):1.2123221033302283):0.5035421107558928,(Pashto:0.7560643048369258,Waziri:0.7560643048370164):1.7824700486737264):0.6169527753459985,Old_Persian:0.7174488946703903):0.15534220614428662,((Sarikoli:1.5964565549727316,Shughni:1.5964565549727316):1.4145062958348769,Sogdian:3.0109628515535913):0.2998664844921315):0.5258805045356922):1.7367638660594809):1.4047689246977608,(((((((Belarusian:0.33864090226004606,Ukrainian:0.3386409022599999):0.25114815039955385,Russian:0.5897890525217653):0.2699702433682205,Polish:0.8597592956872893):0.2882343199661026,((Czech:0.44892189400647275,Slovak:0.44892189400666105):0.43147996085419305,(Sorbian_Lower:0.19989485156360054,Sorbian_Upper:0.19989485156365205):0.6805070030767544):0.26759176095209014):0.33843789318586115,((((Bulgarian:0.5685932577058939,Macedonian:0.5685932577058939):0.35243350864184286,Serbo-Croatian:0.9210267660339007):0.32817392215559593,Old_Church_Slavonic:0.26886744121135653):0.05239359177765035,Slovenian:1.3015942800484241):0.1848372288702249):1.6141472248969269,((Latvian:1.3496085223729697,Lithuanian:1.3496085223729697):0.8501039276447653,Old_Prussian:1.6626373254092561):0.9008662839284316):3.5768494963272977,(((((Breton:0.7274367095279457,Cornish:0.7274367095279457):0.82112069227367,Welsh:1.5485574004764198):1.6576811836217527,((Irish:0.865310191813748,Scottish_Gaelic:0.8653101918257526):0.6728020867019682,Old_Irish:0.3025402165574631):1.6681263059532885):2.4315348642028978,(((((((Catalan:1.0867680738946426,(Portuguese:0.6151662410214209,Spanish:0.6151662410257854):0.47160183353827545):0.31132120033436195,((French:0.31359322346607943,Walloon:0.31359322346435103):0.4353846526018552,Provencal:0.7489778760487749):0.6491113984783325):0.1507801437026508,(((Friulian:0.7285659617091698,Romansh:0.7285659617357263):0.3057266264579823,Ladin:1.034292587915684):0.30466540046418444,Italian:1.3389579882403675):0.2099114301461169):0.15594326396042035,((Sardinian_Cagliari:0.5340935199468664,Sardinian_Nuoro:0.5340935199722789):0.23752242892847253,Sardinian_Logudoro:0.7716159488809238):0.9331967338363603):0.19957831978596552,(Romanian:0.9449434779881472,Vlach:0.9449434779876622):0.9594475238218099):0.4147941526452392,Latin:0.3150821350651922):2.1135112966488423,(Oscan:1.0770514554295616,Umbrian:1.0634199210044848):1.179370299703927):1.205076996565297):0.23797367343601028,(((((Danish:0.2707616081531645,Swedish:0.2707616081531645):0.17610059723205485,Norwegian_Riksmal:0.4468622053864326):0.6391987347473247,((Faroese:0.560204497250675,Icelandic:0.5602044972482485):0.3889256474915559,Old_Norse:0.1869253170018359):0.13693079533950403):0.7844299826615799,((((Dutch:0.3450458028063492,Flemish:0.34504580285902353):0.29120526764736354,Frisian:0.6362510707828575):0.6875858988797594,((German:0.4822007701382969,Luxembourgish:0.4822007701382969):0.8097359507247655,Old_High_German:0.2628430454424233):0.031900248962320354):0.23528627733172325,(English:1.2160292431168882,Old_English:0.22061004146162322):0.34309400368559473):0.3113676756727122):0.6884779167977584,Gothic:0.9103083467305009):3.3167782808040043):0.8016811094771477):0.3008143993975416):0.25667912897537626):0.29464810356443305,(Tocharian_A:0.5374954666515501,Tocharian_B:0.5544043837677837):5.631475591895757):0.693368185192563,(Hittite:1.880458448951443,(Luvian:0.35234001432048956,Lycian:1.2815446689853154):1.5649239082226813):2.981395389407796):0.0" spec="beast.util.TreeParser">
#                        <taxonset id="TaxonSet.0" spec="beast.evolution.alignment.TaxonSet">
#                            <taxon id="Albanian_Corinth" spec="beast.evolution.alignment.Taxon"/>
#                            <taxon id="Albanian_Gheg" spec="beast.evolution.alignment.Taxon"/>
#                            <taxon id="Albanian_Sicily" spec="beast.evolution.alignment.Taxon"/>
#                            <taxon id="Albanian_Tosk" spec="beast.evolution.alignment.Taxon"/>
#                            <taxon id="Ancient_Greek" spec="beast.evolution.alignment.Taxon"/>
#                            <taxon id="Armenian" spec="beast.evolution.alignment.Taxon"/>
#                            <taxon id="Assamese" spec="beast.evolution.alignment.Taxon"/>
#                            <taxon id="Avestan" spec="beast.evolution.alignment.Taxon"/>
#                            <taxon id="Baluchi" spec="beast.evolution.alignment.Taxon"/>
#                            <taxon id="Belarusian" spec="beast.evolution.alignment.Taxon"/>
#                            <taxon id="Bengali" spec="beast.evolution.alignment.Taxon"/>
#                            <taxon id="Bihari" spec="beast.evolution.alignment.Taxon"/>
#                            <taxon id="Breton" spec="beast.evolution.alignment.Taxon"/>
#                            <taxon id="Bulgarian" spec="beast.evolution.alignment.Taxon"/>
#                            <taxon id="Catalan" spec="beast.evolution.alignment.Taxon"/>
#                            <taxon id="Classical_Armenian" spec="beast.evolution.alignment.Taxon"/>
#                            <taxon id="Cornish" spec="beast.evolution.alignment.Taxon"/>
#                            <taxon id="Czech" spec="beast.evolution.alignment.Taxon"/>
#                            <taxon id="Danish" spec="beast.evolution.alignment.Taxon"/>
#                            <taxon id="Dutch" spec="beast.evolution.alignment.Taxon"/>
#                            <taxon id="English" spec="beast.evolution.alignment.Taxon"/>
#                            <taxon id="Faroese" spec="beast.evolution.alignment.Taxon"/>
#                            <taxon id="Flemish" spec="beast.evolution.alignment.Taxon"/>
#                            <taxon id="French" spec="beast.evolution.alignment.Taxon"/>
#                            <taxon id="Frisian" spec="beast.evolution.alignment.Taxon"/>
#                            <taxon id="Friulian" spec="beast.evolution.alignment.Taxon"/>
#                            <taxon id="German" spec="beast.evolution.alignment.Taxon"/>
#                            <taxon id="Gothic" spec="beast.evolution.alignment.Taxon"/>
#                            <taxon id="Greek" spec="beast.evolution.alignment.Taxon"/>
#                            <taxon id="Greek_Lesbos" spec="beast.evolution.alignment.Taxon"/>
#                            <taxon id="Gujarati" spec="beast.evolution.alignment.Taxon"/>
#                            <taxon id="Hindi" spec="beast.evolution.alignment.Taxon"/>
#                            <taxon id="Hittite" spec="beast.evolution.alignment.Taxon"/>
#                            <taxon id="Icelandic" spec="beast.evolution.alignment.Taxon"/>
#                            <taxon id="Irish" spec="beast.evolution.alignment.Taxon"/>
#                            <taxon id="Italian" spec="beast.evolution.alignment.Taxon"/>
#                            <taxon id="Kashmiri" spec="beast.evolution.alignment.Taxon"/>
#                            <taxon id="Kurdish" spec="beast.evolution.alignment.Taxon"/>
#                            <taxon id="Ladin" spec="beast.evolution.alignment.Taxon"/>
#                            <taxon id="Lahnda" spec="beast.evolution.alignment.Taxon"/>
#                            <taxon id="Latin" spec="beast.evolution.alignment.Taxon"/>
#                            <taxon id="Latvian" spec="beast.evolution.alignment.Taxon"/>
#                            <taxon id="Lithuanian" spec="beast.evolution.alignment.Taxon"/>
#                            <taxon id="Luvian" spec="beast.evolution.alignment.Taxon"/>
#                            <taxon id="Luxembourgish" spec="beast.evolution.alignment.Taxon"/>
#                            <taxon id="Lycian" spec="beast.evolution.alignment.Taxon"/>
#                            <taxon id="Macedonian" spec="beast.evolution.alignment.Taxon"/>
#                            <taxon id="Marathi" spec="beast.evolution.alignment.Taxon"/>
#                            <taxon id="Nepali" spec="beast.evolution.alignment.Taxon"/>
#                            <taxon id="Norwegian_Riksmal" spec="beast.evolution.alignment.Taxon"/>
#                            <taxon id="Old_Church_Slavonic" spec="beast.evolution.alignment.Taxon"/>
#                            <taxon id="Old_English" spec="beast.evolution.alignment.Taxon"/>
#                            <taxon id="Old_High_German" spec="beast.evolution.alignment.Taxon"/>
#                            <taxon id="Old_Irish" spec="beast.evolution.alignment.Taxon"/>
#                            <taxon id="Old_Norse" spec="beast.evolution.alignment.Taxon"/>
#                            <taxon id="Old_Persian" spec="beast.evolution.alignment.Taxon"/>
#                            <taxon id="Old_Prussian" spec="beast.evolution.alignment.Taxon"/>
#                            <taxon id="Oriya" spec="beast.evolution.alignment.Taxon"/>
#                            <taxon id="Oscan" spec="beast.evolution.alignment.Taxon"/>
#                            <taxon id="Ossetic_Digor" spec="beast.evolution.alignment.Taxon"/>
#                            <taxon id="Ossetic_Iron" spec="beast.evolution.alignment.Taxon"/>
#                            <taxon id="Pali" spec="beast.evolution.alignment.Taxon"/>
#                            <taxon id="Pashto" spec="beast.evolution.alignment.Taxon"/>
#                            <taxon id="Persian" spec="beast.evolution.alignment.Taxon"/>
#                            <taxon id="Polish" spec="beast.evolution.alignment.Taxon"/>
#                            <taxon id="Portuguese" spec="beast.evolution.alignment.Taxon"/>
#                            <taxon id="Provencal" spec="beast.evolution.alignment.Taxon"/>
#                            <taxon id="Romanian" spec="beast.evolution.alignment.Taxon"/>
#                            <taxon id="Romansh" spec="beast.evolution.alignment.Taxon"/>
#                            <taxon id="Russian" spec="beast.evolution.alignment.Taxon"/>
#                            <taxon id="Sardinian_Cagliari" spec="beast.evolution.alignment.Taxon"/>
#                            <taxon id="Sardinian_Logudoro" spec="beast.evolution.alignment.Taxon"/>
#                            <taxon id="Sardinian_Nuoro" spec="beast.evolution.alignment.Taxon"/>
#                            <taxon id="Sarikoli" spec="beast.evolution.alignment.Taxon"/>
#                            <taxon id="Scottish_Gaelic" spec="beast.evolution.alignment.Taxon"/>
#                            <taxon id="Serbo-Croatian" spec="beast.evolution.alignment.Taxon"/>
#                            <taxon id="Shughni" spec="beast.evolution.alignment.Taxon"/>
#                            <taxon id="Sindhi" spec="beast.evolution.alignment.Taxon"/>
#                            <taxon id="Sinhalese" spec="beast.evolution.alignment.Taxon"/>
#                            <taxon id="Slovak" spec="beast.evolution.alignment.Taxon"/>
#                            <taxon id="Slovenian" spec="beast.evolution.alignment.Taxon"/>
#                            <taxon id="Sogdian" spec="beast.evolution.alignment.Taxon"/>
#                            <taxon id="Sorbian_Lower" spec="beast.evolution.alignment.Taxon"/>
#                            <taxon id="Sorbian_Upper" spec="beast.evolution.alignment.Taxon"/>
#                            <taxon id="Spanish" spec="beast.evolution.alignment.Taxon"/>
#                            <taxon id="Swedish" spec="beast.evolution.alignment.Taxon"/>
#                            <taxon id="Tajik" spec="beast.evolution.alignment.Taxon"/>
#                            <taxon id="Tocharian_A" spec="beast.evolution.alignment.Taxon"/>
#                            <taxon id="Tocharian_B" spec="beast.evolution.alignment.Taxon"/>
#                            <taxon id="Ukrainian" spec="beast.evolution.alignment.Taxon"/>
#                            <taxon id="Umbrian" spec="beast.evolution.alignment.Taxon"/>
#                            <taxon id="Urdu" spec="beast.evolution.alignment.Taxon"/>
#                            <taxon id="Vedic_Sanskrit" spec="beast.evolution.alignment.Taxon"/>
#                            <taxon id="Vlach" spec="beast.evolution.alignment.Taxon"/>
#                            <taxon id="Wakhi" spec="beast.evolution.alignment.Taxon"/>
#                            <taxon id="Walloon" spec="beast.evolution.alignment.Taxon"/>
#                            <taxon id="Waziri" spec="beast.evolution.alignment.Taxon"/>
#                            <taxon id="Welsh" spec="beast.evolution.alignment.Taxon"/>
#                        </taxonset>
#                    </tree>
#                    <parameter dimension="390" id="location.s:IE" minordimension="2" spec="sphericalGeo.LocationParameter">0.0 0.0</parameter>
#                        Albanian_Corinth=37.9683334850582 23.5258329215863,
#Albanian_Gheg=42.2265854672629 20.8761781434291,
#Albanian_Sicily=38.0018116756757 13.6335986216216,
#Albanian_Tosk=40.2555909357993 20.4078893269557,
#Ancient_Greek=37.9724605624413 23.7495907945741,
#Armenian=40.0723733405928 45.305168062311,
#Assamese=26.5425291713748 92.5875510677967,
#Avestan=34.3395388882309 56.5832053759183,
#Baluchi=26.587957378949 62.5580635441686,
#Belarusian=53.3986072792712 28.4809632063919,
#Bengali=23.4537729409676 89.9336333317797,
#Bihari=26.6473101417446 86.2514416915889,
#Breton=48.3080773846578 -4.03400156622516,
#Bulgarian=42.9902253468905 23.2769954250417,
#Catalan=41.75 2.0,
#Classical_Armenian=40.14457720932 45.0845970375941,
#Cornish=50.3557791496575 -4.89972956692107,
#Czech=49.7852348957672 15.4915899544974,
#Danish=55.8494836237628 9.8066851638111,
#Dutch=51.7629408602076 5.23107930242214,
#English=54.4879166094099 -3.5209377168078,
#Faroese=62.0426917877632 -6.83240407959032,
#Flemish=51.0059158860294 2.9809946875,
#French=47.1074154598239 1.11449788231361,
#Frisian=53.1023277955801 5.71783664640884,
#Friulian=45.8725428995984 13.2862703614458,
#German=50.2613386999753 11.1383979707624,
#Gothic=53.9886795942125 16.5001262863809,
#Greek=39.6965740080697 22.4244833145042,
#Greek_Lesbos=39.25 26.25,
#Gujarati=21.6757849717439 71.837266176159,
#Hindi=25.9196611535088 79.5549765906433,
#Hittite=37.7874752477676 33.4357812970257,
#Icelandic=65.1921619246137 -19.8554940975495,
#Irish=53.4532551964426 -8.19735624567699,
#Italian=41.9972471395463 14.0357282757183,
#Kashmiri=34.1156788411215 74.8373988785047,
#Kurdish=37.5676567980605 44.6699618824466,
#Ladin=46.6082063793103 11.8927536896552,
#Lahnda=31.5439738685377 74.4524172200886,
#Latin=42.0664213170021 12.3966635937599,
#Latvian=56.8718099744214 25.0341541608855,
#Lithuanian=55.2173662032521 23.8645842057536,
#Luvian=38.5 35.4,
#Luxembourgish=49.710969183187 6.08277790087829,
#Lycian=36.5625517018681 29.8445306993837,
#Macedonian=41.8685345277435 21.7308628277435,
#Marathi=19.0076071776128 75.4682634517418,
#Nepali=28.9661199765101 81.7191401912752,
#Norwegian_Riksmal=63.5093535944724 11.0867957740995,
#Old_Church_Slavonic=41.0483881792338 23.5698633759189,
#Old_English=51.071658942709 -1.78055413744826,
#Old_High_German=48.8451711709015 11.6826782642743,
#Old_Irish=53.363002759729 -8.37437151730888,
#Old_Norse=65.3318294673867 -19.5330516027461,
#Old_Persian=31.4735553369275 49.7135856082214,
#Old_Prussian=54.0876293990659 19.8936967892766,
#Oriya=21.1044867495426 84.4083078544998,
#Oscan=40.8585186099626 15.6505861410831,
#Ossetic_Digor=43.052279132357 43.8201799375788,
#Ossetic_Iron=43.034486 44.520986,
#Pali=24.53 82.25,
#Pashto=32.4642422895257 68.3275074219367,
#Persian=32.5892853680905 56.497464338956,
#Polish=51.5090908904423 19.2212679089872,
#Portuguese=39.5937373891324 -8.06735775679228,
#Provencal=43.7826152546075 6.12639570307167,
#Romanian=46.2282614049859 25.556100646872,
#Romansh=46.57 9.80,
#Russian=56.0 38.0,
#Sardinian_Cagliari=39.3850265162393 8.83315765128205,
#Sardinian_Logudoro=40.483316 8.56566455555556,
#Sardinian_Nuoro=40.5621072037037 9.65639736419753,
#Sarikoli=37.91 75.14,
#Scottish_Gaelic=57.1495963989066 -5.77410260889693,
#Serbo-Croatian=43.6695141808383 20.6942472711936,
#Shughni=37.50 71.79,
#Sindhi=24.0147216043201 68.5026427741777,
#Sinhalese=7.41611554337899 80.7595922694064,
#Slovak=48.9377120833334 19.8098520947368,
#Slovenian=46.0272344938271 14.9180192204586,
#Sogdian=40.4 69.4,
#Sorbian_Lower=51.6695048 13.9499768666667,
#Sorbian_Upper=51.4629079970864 14.395760374776,
#Spanish=41.1694070669931 -4.44456782718208,
#Swedish=60.0 15.0,
#Tajik=38.7838124193206 69.7926755573248,
#Tocharian_A=42.9264431934901 89.3577819848532,
#Tocharian_B=42.2295853119231 85.639904267671,
#Ukrainian=48.0557674197214 31.3759894414153,
#Umbrian=42.6101677513016 12.8381987416551,
#Urdu=29.1633352808989 78.5478286853933,
#Vedic_Sanskrit=30.4044570967343 75.2925736923182,
#Vlach=40.586 21.395,
#Wakhi=37.0896278316136 73.2784554214728,
#Walloon=50.1993967535211 5.05004061971831,
#Waziri=32.0 69.5,
#Welsh=51.75 -4.25                                    </traitMap>
#                <userDataType id="LocationDataType.0" spec="sphericalGeo.LocationDataType"/>
#            </data>
#            <tree idref="Tree.t:IE"/>
#            <siteModel id="geoContSiteModel.s:IE" spec="beast.evolution.sitemodel.SiteModel">
#                <substModel fast="true" id="sdiffusionModel.s:IE" spec="sphericalGeo.SphericalDiffusionModel">
#                    <parameter id="sprecision.s:IE" lower="0.0" name="precision" spec="beast.core.parameter.RealParameter">100.0</parameter>
#                </substModel>
#            </siteModel>
#            <branchRateModel id="RelaxedClock.c:IE" spec="beast.evolution.branchratemodel.UCRelaxedClockModel" tree="@Tree.t:IE">
#                <LogNormal S="@ucldStdev.c:IE" id="LogNormalDistributionModel.c:IE" meanInRealSpace="true" name="distr">
#                    <parameter estimate="false" id="RealParameter.0" lower="0.0" name="M" spec="beast.core.parameter.RealParameter" upper="1.0">1.0</parameter>
#                </LogNormal>
#                <rateCategories dimension="194" id="rateCategories.c:IE" spec="beast.core.parameter.IntegerParameter">1</rateCategories>
#                <parameter estimate="false" id="ucldMean.c:IE" name="clock.rate" spec="beast.core.parameter.RealParameter">1.0</parameter>
#            </branchRateModel>
#        </distribution>
#    </distribution>
#</input>
#
Sample	posterior	likelihood	prior	slocationtreeLikelihood	sprecision	ucldStdev	rate.mean	rate.variance	rate.coefficientOfVariation
0	289.3991213023402	288.5797571572194	0.819364145120802	288.5797571572194	100.0	0.1	0.9910579814134647	0.009404252953162029	0.09660400731397958
1000	463.52155983632565	467.9719787833703	-4.450418947044624	467.9719787833703	100.0	1.6225717553695291	0.5389259062973132	2.980676176642837	2.4189123875267766
2000	529.6869525749814	535.0972935177383	-5.410340942756858	535.0972935177383	100.0	1.956280623231128	0.6110418374330271	3.114938258077171	2.7220414707276674
3000	549.8938242271554	555.491169099506	-5.5973448723505985	555.491169099506	100.0	2.021896721111057	0.5508033578771806	2.8546314043328436	2.659888743095962
4000	568.9486142938779	574.9903390587011	-6.04172476482325	574.9903390587011	100.0	2.1784894823457654	0.4320891355622196	4.4005390441214525	3.3168320471381696
5000	574.2042767092953	580.3308826437611	-6.126605934465779	580.3308826437611	100.0	2.2084999741637663	0.5632066204056831	10.10246891450415	4.429027930213146
6000	578.9028989794858	585.0628536907899	-6.159954711304042	585.0628536907899	100.0	2.2202990081886154	0.6701975062431894	10.28724119683044	4.2616826674138295
7000	609.3124723651621	616.119887007109	-6.807414641946918	616.119887007109	100.0	2.450237448326437	0.759984709201495	12.7336250684349	4.953895372753954
8000	636.1540793592268	642.8517353763522	-6.697656017125436	642.8517353763522	100.0	2.4111482493505707	0.8271508056354157	13.382352921937395	4.775054563685208
9000	653.9859948762207	660.9853875952988	-6.999392719078077	660.9853875952988	100.0	2.5187078981814315	0.8037584799782189	14.40321594164885	4.977232491617397
10000	654.7478771787574	662.1196076253999	-7.371730446642426	662.1196076253999	100.0	2.651846792642555	0.7906453514699242	14.838255561349138	5.164971915669348
11000	658.5388400326614	665.9105704793038	-7.371730446642426	665.9105704793038	100.0	2.651846792642555	0.7666830521609488	14.964108123893535	4.996843363698301
12000	641.055486166139	648.3794610652164	-7.323974899077529	648.3794610652164	100.0	2.634746434342589	0.9129587409791964	26.843369070317546	4.7004625162246905
13000	639.0043955592159	646.3639412871703	-7.359545727954345	646.3639412871703	100.0	2.647483020331739	0.9692564824360439	27.794051169773617	4.721160646716237
14000	660.1474292839745	667.8770679981131	-7.729638714138668	667.8770679981131	100.0	2.780219969669598	0.9773137538383359	29.475339199717713	4.752904887922995
15000	663.1502066106254	670.8798453247641	-7.729638714138668	670.8798453247641	100.0	2.780219969669598	0.8027683329585684	15.194747229673666	4.656213381401282
16000	688.5485888990067	696.5798650308249	-8.031276131818075	696.5798650308249	100.0	2.8886861079283115	0.8601195532743017	15.408342497940657	4.858929725107769
17000	708.0844779240092	716.034495182428	-7.9500172584188284	716.034495182428	100.0	2.8594424030775536	1.0254916952178148	5.321499749787896	3.0412983515981993
18000	708.893286382755	716.8628675259662	-7.969581143211187	716.8628675259662	100.0	2.8664815465077482	1.8907584682267224	39.23548626899142	4.766739364013525
19000	722.0188203415237	729.9185111248722	-7.899690783348559	729.9185111248722	100.0	2.8413394115545048	1.622913226145079	28.15466618989416	4.642387257128598
20000	737.3980590006964	745.6539748414581	-8.255915840761656	745.6539748414581	100.0	2.9696176649100563	1.5100185837005013	27.893499169692547	4.614006978171122
21000	776.3921758141357	784.890702168353	-8.498526354217221	784.890702168353	100.0	3.0571621707116936	2.576979447784489	27.381363665480034	4.652211331927721
22000	755.4187127664684	763.8876044195881	-8.468891653119723	763.8876044195881	100.0	3.046461203407571	2.1830482640283715	15.372866959375244	4.453734028786409
